current directory: /Users/malcolmstaso/Desktop/Code/course_matcher/newfpbackend/vendor/bundle/ruby/2.6.0/gems/puma-4.3.5/ext/puma_http11
/System/Library/Frameworks/Ruby.framework/Versions/2.6/usr/bin/ruby -I /System/Library/Frameworks/Ruby.framework/Versions/2.6/usr/lib/ruby/2.6.0 -r ./siteconf20201015-23606-vrj0bp.rb extconf.rb --with-opt-dir\=/usr/local/opt/openssl
checking for BIO_read() in -lcrypto... yes
checking for SSL_CTX_new() in -lssl... yes
checking for openssl/bio.h... yes
checking for DTLS_method() in openssl/ssl.h... yes
checking for TLS_server_method() in openssl/ssl.h... yes
checking for SSL_CTX_set_min_proto_version in openssl/ssl.h... yes
creating Makefile

current directory: /Users/malcolmstaso/Desktop/Code/course_matcher/newfpbackend/vendor/bundle/ruby/2.6.0/gems/puma-4.3.5/ext/puma_http11
make "DESTDIR=" clean

current directory: /Users/malcolmstaso/Desktop/Code/course_matcher/newfpbackend/vendor/bundle/ruby/2.6.0/gems/puma-4.3.5/ext/puma_http11
make "DESTDIR="
compiling http11_parser.c
compiling io_buffer.c
compiling mini_ssl.c
compiling puma_http11.c
puma_http11.c:203:22: error: implicitly declaring library function 'isspace' with type 'int (int)' [-Werror,-Wimplicit-function-declaration]
  while (vlen > 0 && isspace(value[vlen - 1])) vlen--;
                     ^
puma_http11.c:203:22: note: include the header <ctype.h> or explicitly provide a declaration for 'isspace'
1 error generated.
make: *** [puma_http11.o] Error 1

make failed, exit code 2
